{"/Users/martijnversteeg/Desktop/oom/microservices/Turk/project/fa-aws-step-functions/lib/services/choiceJob.ts": {"path":"/Users/martijnversteeg/Desktop/oom/microservices/Turk/project/fa-aws-step-functions/lib/services/choiceJob.ts","statementMap":{"0":{"start":{"line":2,"column":0},"end":{"line":2,"column":53}},"1":{"start":{"line":11,"column":31},"end":{"line":32,"column":1}},"2":{"start":{"line":13,"column":14},"end":{"line":31,"column":29}},"3":{"start":{"line":11,"column":13},"end":{"line":11,"column":31}}},"fnMap":{"0":{"name":"(anonymous_0)","decl":{"start":{"line":11,"column":31},"end":{"line":11,"column":32}},"loc":{"start":{"line":11,"column":71},"end":{"line":32,"column":1}}}},"branchMap":{},"s":{"0":0,"1":0,"2":0,"3":0},"f":{"0":0},"b":{}}
,"/Users/martijnversteeg/Desktop/oom/microservices/Turk/project/fa-aws-step-functions/lib/services/definition.ts": {"path":"/Users/martijnversteeg/Desktop/oom/microservices/Turk/project/fa-aws-step-functions/lib/services/definition.ts","statementMap":{"0":{"start":{"line":29,"column":32},"end":{"line":34,"column":1}},"1":{"start":{"line":30,"column":2},"end":{"line":33,"column":27}},"2":{"start":{"line":29,"column":13},"end":{"line":29,"column":32}}},"fnMap":{"0":{"name":"(anonymous_0)","decl":{"start":{"line":29,"column":32},"end":{"line":29,"column":33}},"loc":{"start":{"line":29,"column":60},"end":{"line":34,"column":1}}}},"branchMap":{},"s":{"0":0,"1":0,"2":0},"f":{"0":0},"b":{}}
,"/Users/martijnversteeg/Desktop/oom/microservices/Turk/project/fa-aws-step-functions/lib/services/failedJob.ts": {"path":"/Users/martijnversteeg/Desktop/oom/microservices/Turk/project/fa-aws-step-functions/lib/services/failedJob.ts","statementMap":{"0":{"start":{"line":2,"column":0},"end":{"line":2,"column":53}},"1":{"start":{"line":4,"column":31},"end":{"line":13,"column":1}},"2":{"start":{"line":6,"column":14},"end":{"line":10,"column":4}},"3":{"start":{"line":12,"column":2},"end":{"line":12,"column":13}},"4":{"start":{"line":4,"column":13},"end":{"line":4,"column":31}}},"fnMap":{"0":{"name":"(anonymous_0)","decl":{"start":{"line":4,"column":31},"end":{"line":4,"column":32}},"loc":{"start":{"line":4,"column":52},"end":{"line":13,"column":1}}}},"branchMap":{},"s":{"0":0,"1":0,"2":0,"3":0,"4":0},"f":{"0":0},"b":{}}
,"/Users/martijnversteeg/Desktop/oom/microservices/Turk/project/fa-aws-step-functions/lib/services/index.ts": {"path":"/Users/martijnversteeg/Desktop/oom/microservices/Turk/project/fa-aws-step-functions/lib/services/index.ts","statementMap":{"0":{"start":{"line":1,"column":0},"end":{"line":1,"column":32}},"1":{"start":{"line":2,"column":0},"end":{"line":2,"column":29}},"2":{"start":{"line":3,"column":0},"end":{"line":3,"column":23}},"3":{"start":{"line":4,"column":0},"end":{"line":4,"column":34}},"4":{"start":{"line":5,"column":0},"end":{"line":5,"column":28}},"5":{"start":{"line":6,"column":0},"end":{"line":6,"column":28}},"6":{"start":{"line":7,"column":0},"end":{"line":7,"column":26}}},"fnMap":{},"branchMap":{},"s":{"0":0,"1":0,"2":0,"3":0,"4":0,"5":0,"6":0},"f":{},"b":{}}
,"/Users/martijnversteeg/Desktop/oom/microservices/Turk/project/fa-aws-step-functions/lib/services/lambda-function.ts": {"path":"/Users/martijnversteeg/Desktop/oom/microservices/Turk/project/fa-aws-step-functions/lib/services/lambda-function.ts","statementMap":{"0":{"start":{"line":1,"column":0},"end":{"line":1,"column":35}},"1":{"start":{"line":2,"column":0},"end":{"line":2,"column":43}},"2":{"start":{"line":3,"column":0},"end":{"line":3,"column":49}},"3":{"start":{"line":4,"column":0},"end":{"line":4,"column":56}},"4":{"start":{"line":5,"column":0},"end":{"line":5,"column":45}},"5":{"start":{"line":13,"column":30},"end":{"line":46,"column":1}},"6":{"start":{"line":17,"column":25},"end":{"line":35,"column":4}},"7":{"start":{"line":37,"column":27},"end":{"line":41,"column":4}},"8":{"start":{"line":43,"column":2},"end":{"line":43,"column":51}},"9":{"start":{"line":45,"column":2},"end":{"line":45,"column":24}},"10":{"start":{"line":13,"column":13},"end":{"line":13,"column":30}}},"fnMap":{"0":{"name":"(anonymous_0)","decl":{"start":{"line":13,"column":30},"end":{"line":13,"column":null}},"loc":{"start":{"line":16,"column":4},"end":{"line":46,"column":1}}}},"branchMap":{},"s":{"0":0,"1":0,"2":0,"3":0,"4":0,"5":0,"6":0,"7":0,"8":0,"9":0,"10":0},"f":{"0":0},"b":{}}
,"/Users/martijnversteeg/Desktop/oom/microservices/Turk/project/fa-aws-step-functions/lib/services/state-machine.ts": {"path":"/Users/martijnversteeg/Desktop/oom/microservices/Turk/project/fa-aws-step-functions/lib/services/state-machine.ts","statementMap":{"0":{"start":{"line":1,"column":0},"end":{"line":1,"column":35}},"1":{"start":{"line":2,"column":0},"end":{"line":2,"column":53}},"2":{"start":{"line":8,"column":28},"end":{"line":16,"column":1}},"3":{"start":{"line":9,"column":2},"end":{"line":15,"column":5}},"4":{"start":{"line":8,"column":13},"end":{"line":8,"column":28}}},"fnMap":{"0":{"name":"(anonymous_0)","decl":{"start":{"line":8,"column":28},"end":{"line":8,"column":29}},"loc":{"start":{"line":8,"column":76},"end":{"line":16,"column":1}}}},"branchMap":{},"s":{"0":0,"1":0,"2":0,"3":0,"4":0},"f":{"0":0},"b":{}}
,"/Users/martijnversteeg/Desktop/oom/microservices/Turk/project/fa-aws-step-functions/lib/services/task.ts": {"path":"/Users/martijnversteeg/Desktop/oom/microservices/Turk/project/fa-aws-step-functions/lib/services/task.ts","statementMap":{"0":{"start":{"line":2,"column":0},"end":{"line":2,"column":61}},"1":{"start":{"line":10,"column":20},"end":{"line":16,"column":1}},"2":{"start":{"line":11,"column":2},"end":{"line":15,"column":5}},"3":{"start":{"line":10,"column":13},"end":{"line":10,"column":20}}},"fnMap":{"0":{"name":"(anonymous_0)","decl":{"start":{"line":10,"column":20},"end":{"line":10,"column":21}},"loc":{"start":{"line":10,"column":60},"end":{"line":16,"column":1}}}},"branchMap":{},"s":{"0":0,"1":0,"2":0,"3":0},"f":{"0":0},"b":{}}
,"/Users/martijnversteeg/Desktop/oom/microservices/Turk/project/fa-aws-step-functions/lib/services/waitJob.ts": {"path":"/Users/martijnversteeg/Desktop/oom/microservices/Turk/project/fa-aws-step-functions/lib/services/waitJob.ts","statementMap":{"0":{"start":{"line":2,"column":0},"end":{"line":2,"column":53}},"1":{"start":{"line":4,"column":29},"end":{"line":14,"column":1}},"2":{"start":{"line":6,"column":14},"end":{"line":11,"column":4}},"3":{"start":{"line":13,"column":2},"end":{"line":13,"column":13}},"4":{"start":{"line":4,"column":13},"end":{"line":4,"column":29}}},"fnMap":{"0":{"name":"(anonymous_0)","decl":{"start":{"line":4,"column":29},"end":{"line":4,"column":30}},"loc":{"start":{"line":4,"column":50},"end":{"line":14,"column":1}}}},"branchMap":{},"s":{"0":0,"1":0,"2":0,"3":0,"4":0},"f":{"0":0},"b":{}}
,"/Users/martijnversteeg/Desktop/oom/microservices/Turk/project/fa-aws-step-functions/src/cloudWatch/index.ts": {"path":"/Users/martijnversteeg/Desktop/oom/microservices/Turk/project/fa-aws-step-functions/src/cloudWatch/index.ts","statementMap":{"0":{"start":{"line":1,"column":0},"end":{"line":1,"column":null}},"1":{"start":{"line":14,"column":37},"end":{"line":38,"column":1}},"2":{"start":{"line":15,"column":43},"end":{"line":31,"column":4}},"3":{"start":{"line":33,"column":40},"end":{"line":33,"column":71}},"4":{"start":{"line":37,"column":2},"end":{"line":37,"column":45}},"5":{"start":{"line":14,"column":13},"end":{"line":14,"column":37}}},"fnMap":{"0":{"name":"(anonymous_0)","decl":{"start":{"line":14,"column":37},"end":{"line":14,"column":42}},"loc":{"start":{"line":14,"column":71},"end":{"line":38,"column":1}}}},"branchMap":{},"s":{"0":0,"1":0,"2":0,"3":0,"4":0,"5":0},"f":{"0":0},"b":{}}
,"/Users/martijnversteeg/Desktop/oom/microservices/Turk/project/fa-aws-step-functions/src/finalize/index.ts": {"path":"/Users/martijnversteeg/Desktop/oom/microservices/Turk/project/fa-aws-step-functions/src/finalize/index.ts","statementMap":{"0":{"start":{"line":18,"column":0},"end":{"line":18,"column":58}},"1":{"start":{"line":19,"column":0},"end":{"line":19,"column":null}},"2":{"start":{"line":26,"column":0},"end":{"line":26,"column":62}},"3":{"start":{"line":27,"column":0},"end":{"line":27,"column":36}},"4":{"start":{"line":29,"column":0},"end":{"line":29,"column":54}},"5":{"start":{"line":31,"column":0},"end":{"line":31,"column":66}},"6":{"start":{"line":32,"column":0},"end":{"line":32,"column":76}},"7":{"start":{"line":37,"column":31},"end":{"line":104,"column":1}},"8":{"start":{"line":38,"column":2},"end":{"line":103,"column":3}},"9":{"start":{"line":41,"column":4},"end":{"line":42,"column":75}},"10":{"start":{"line":42,"column":6},"end":{"line":42,"column":75}},"11":{"start":{"line":44,"column":4},"end":{"line":44,"column":71}},"12":{"start":{"line":44,"column":27},"end":{"line":44,"column":71}},"13":{"start":{"line":46,"column":20},"end":{"line":46,"column":28}},"14":{"start":{"line":47,"column":22},"end":{"line":47,"column":46}},"15":{"start":{"line":58,"column":8},"end":{"line":58,"column":13}},"16":{"start":{"line":60,"column":40},"end":{"line":70,"column":6}},"17":{"start":{"line":72,"column":45},"end":{"line":73,"column":null}},"18":{"start":{"line":78,"column":4},"end":{"line":93,"column":5}},"19":{"start":{"line":79,"column":43},"end":{"line":88,"column":8}},"20":{"start":{"line":90,"column":48},"end":{"line":91,"column":null}},"21":{"start":{"line":95,"column":4},"end":{"line":95,"column":23}},"22":{"start":{"line":98,"column":4},"end":{"line":102,"column":7}},"23":{"start":{"line":37,"column":13},"end":{"line":37,"column":31}}},"fnMap":{"0":{"name":"(anonymous_0)","decl":{"start":{"line":37,"column":31},"end":{"line":37,"column":36}},"loc":{"start":{"line":37,"column":63},"end":{"line":104,"column":1}}}},"branchMap":{"0":{"loc":{"start":{"line":41,"column":4},"end":{"line":42,"column":75}},"type":"if","locations":[{"start":{"line":41,"column":4},"end":{"line":42,"column":75}}]},"1":{"loc":{"start":{"line":44,"column":4},"end":{"line":44,"column":71}},"type":"if","locations":[{"start":{"line":44,"column":4},"end":{"line":44,"column":71}}]},"2":{"loc":{"start":{"line":78,"column":4},"end":{"line":93,"column":5}},"type":"if","locations":[{"start":{"line":78,"column":4},"end":{"line":93,"column":5}}]}},"s":{"0":0,"1":0,"2":0,"3":0,"4":0,"5":0,"6":0,"7":0,"8":0,"9":0,"10":0,"11":0,"12":0,"13":0,"14":0,"15":0,"16":0,"17":0,"18":0,"19":0,"20":0,"21":0,"22":0,"23":0},"f":{"0":0},"b":{"0":[0],"1":[0],"2":[0]}}
,"/Users/martijnversteeg/Desktop/oom/microservices/Turk/project/fa-aws-step-functions/src/finalize/utils/put-order-command.ts": {"path":"/Users/martijnversteeg/Desktop/oom/microservices/Turk/project/fa-aws-step-functions/src/finalize/utils/put-order-command.ts","statementMap":{"0":{"start":{"line":1,"column":0},"end":{"line":1,"column":68}},"1":{"start":{"line":6,"column":37},"end":{"line":30,"column":1}},"2":{"start":{"line":8,"column":33},"end":{"line":24,"column":4}},"3":{"start":{"line":27,"column":18},"end":{"line":27,"column":39}},"4":{"start":{"line":29,"column":2},"end":{"line":29,"column":17}},"5":{"start":{"line":6,"column":13},"end":{"line":6,"column":37}}},"fnMap":{"0":{"name":"(anonymous_0)","decl":{"start":{"line":6,"column":37},"end":{"line":6,"column":38}},"loc":{"start":{"line":6,"column":60},"end":{"line":30,"column":1}}}},"branchMap":{},"s":{"0":0,"1":0,"2":0,"3":0,"4":0,"5":0},"f":{"0":0},"b":{}}
,"/Users/martijnversteeg/Desktop/oom/microservices/Turk/project/fa-aws-step-functions/src/finalize/utils/update-account-command.ts": {"path":"/Users/martijnversteeg/Desktop/oom/microservices/Turk/project/fa-aws-step-functions/src/finalize/utils/update-account-command.ts","statementMap":{"0":{"start":{"line":16,"column":0},"end":{"line":16,"column":74}},"1":{"start":{"line":21,"column":42},"end":{"line":47,"column":1}},"2":{"start":{"line":24,"column":36},"end":{"line":41,"column":4}},"3":{"start":{"line":44,"column":18},"end":{"line":44,"column":42}},"4":{"start":{"line":46,"column":2},"end":{"line":46,"column":17}},"5":{"start":{"line":21,"column":13},"end":{"line":21,"column":42}}},"fnMap":{"0":{"name":"(anonymous_0)","decl":{"start":{"line":21,"column":42},"end":{"line":21,"column":43}},"loc":{"start":{"line":21,"column":68},"end":{"line":47,"column":1}}}},"branchMap":{},"s":{"0":0,"1":0,"2":0,"3":0,"4":0,"5":0},"f":{"0":0},"b":{}}
,"/Users/martijnversteeg/Desktop/oom/microservices/Turk/project/fa-aws-step-functions/src/status/index.ts": {"path":"/Users/martijnversteeg/Desktop/oom/microservices/Turk/project/fa-aws-step-functions/src/status/index.ts","statementMap":{"0":{"start":{"line":7,"column":0},"end":{"line":7,"column":28}},"1":{"start":{"line":8,"column":0},"end":{"line":8,"column":62}},"2":{"start":{"line":9,"column":0},"end":{"line":9,"column":54}},"3":{"start":{"line":27,"column":29},"end":{"line":122,"column":1}},"4":{"start":{"line":30,"column":2},"end":{"line":121,"column":3}},"5":{"start":{"line":32,"column":4},"end":{"line":35,"column":9}},"6":{"start":{"line":33,"column":6},"end":{"line":35,"column":9}},"7":{"start":{"line":37,"column":4},"end":{"line":37,"column":71}},"8":{"start":{"line":37,"column":27},"end":{"line":37,"column":71}},"9":{"start":{"line":39,"column":71},"end":{"line":39,"column":76}},"10":{"start":{"line":41,"column":4},"end":{"line":48,"column":5}},"11":{"start":{"line":42,"column":6},"end":{"line":46,"column":9}},"12":{"start":{"line":47,"column":6},"end":{"line":47,"column":36}},"13":{"start":{"line":50,"column":23},"end":{"line":50,"column":34}},"14":{"start":{"line":51,"column":30},"end":{"line":51,"column":46}},"15":{"start":{"line":55,"column":6},"end":{"line":55,"column":47}},"16":{"start":{"line":58,"column":48},"end":{"line":58,"column":69}},"17":{"start":{"line":60,"column":57},"end":{"line":60,"column":61}},"18":{"start":{"line":61,"column":63},"end":{"line":61,"column":67}},"19":{"start":{"line":62,"column":38},"end":{"line":62,"column":42}},"20":{"start":{"line":66,"column":4},"end":{"line":77,"column":5}},"21":{"start":{"line":67,"column":6},"end":{"line":67,"column":41}},"22":{"start":{"line":68,"column":6},"end":{"line":68,"column":53}},"23":{"start":{"line":74,"column":8},"end":{"line":74,"column":70}},"24":{"start":{"line":76,"column":6},"end":{"line":76,"column":60}},"25":{"start":{"line":81,"column":28},"end":{"line":95,"column":6}},"26":{"start":{"line":81,"column":49},"end":{"line":95,"column":6}},"27":{"start":{"line":97,"column":20},"end":{"line":97,"column":54}},"28":{"start":{"line":97,"column":26},"end":{"line":97,"column":54}},"29":{"start":{"line":98,"column":23},"end":{"line":98,"column":58}},"30":{"start":{"line":98,"column":29},"end":{"line":98,"column":58}},"31":{"start":{"line":99,"column":21},"end":{"line":99,"column":54}},"32":{"start":{"line":99,"column":27},"end":{"line":99,"column":54}},"33":{"start":{"line":101,"column":25},"end":{"line":109,"column":6}},"34":{"start":{"line":102,"column":23},"end":{"line":102,"column":32}},"35":{"start":{"line":103,"column":24},"end":{"line":103,"column":36}},"36":{"start":{"line":104,"column":29},"end":{"line":104,"column":41}},"37":{"start":{"line":105,"column":30},"end":{"line":105,"column":42}},"38":{"start":{"line":106,"column":35},"end":{"line":106,"column":47}},"39":{"start":{"line":107,"column":37},"end":{"line":107,"column":49}},"40":{"start":{"line":108,"column":22},"end":{"line":108,"column":32}},"41":{"start":{"line":111,"column":4},"end":{"line":111,"column":50}},"42":{"start":{"line":113,"column":4},"end":{"line":113,"column":21}},"43":{"start":{"line":115,"column":4},"end":{"line":119,"column":7}},"44":{"start":{"line":120,"column":4},"end":{"line":120,"column":34}},"45":{"start":{"line":27,"column":13},"end":{"line":27,"column":29}}},"fnMap":{"0":{"name":"(anonymous_0)","decl":{"start":{"line":27,"column":29},"end":{"line":27,"column":34}},"loc":{"start":{"line":29,"column":52},"end":{"line":122,"column":1}}},"1":{"name":"(anonymous_1)","decl":{"start":{"line":81,"column":28},"end":{"line":81,"column":29}},"loc":{"start":{"line":81,"column":49},"end":{"line":95,"column":6}}},"2":{"name":"(anonymous_2)","decl":{"start":{"line":97,"column":20},"end":{"line":97,"column":23}},"loc":{"start":{"line":97,"column":26},"end":{"line":97,"column":54}}},"3":{"name":"(anonymous_3)","decl":{"start":{"line":98,"column":23},"end":{"line":98,"column":26}},"loc":{"start":{"line":98,"column":29},"end":{"line":98,"column":58}}},"4":{"name":"(anonymous_4)","decl":{"start":{"line":99,"column":21},"end":{"line":99,"column":24}},"loc":{"start":{"line":99,"column":27},"end":{"line":99,"column":54}}},"5":{"name":"(anonymous_5)","decl":{"start":{"line":102,"column":17},"end":{"line":102,"column":20}},"loc":{"start":{"line":102,"column":23},"end":{"line":102,"column":32}}},"6":{"name":"(anonymous_6)","decl":{"start":{"line":103,"column":18},"end":{"line":103,"column":21}},"loc":{"start":{"line":103,"column":24},"end":{"line":103,"column":36}}},"7":{"name":"(anonymous_7)","decl":{"start":{"line":104,"column":23},"end":{"line":104,"column":26}},"loc":{"start":{"line":104,"column":29},"end":{"line":104,"column":41}}},"8":{"name":"(anonymous_8)","decl":{"start":{"line":105,"column":24},"end":{"line":105,"column":27}},"loc":{"start":{"line":105,"column":30},"end":{"line":105,"column":42}}},"9":{"name":"(anonymous_9)","decl":{"start":{"line":106,"column":29},"end":{"line":106,"column":32}},"loc":{"start":{"line":106,"column":35},"end":{"line":106,"column":47}}},"10":{"name":"(anonymous_10)","decl":{"start":{"line":107,"column":31},"end":{"line":107,"column":34}},"loc":{"start":{"line":107,"column":37},"end":{"line":107,"column":49}}},"11":{"name":"(anonymous_11)","decl":{"start":{"line":108,"column":16},"end":{"line":108,"column":19}},"loc":{"start":{"line":108,"column":22},"end":{"line":108,"column":32}}}},"branchMap":{"0":{"loc":{"start":{"line":32,"column":4},"end":{"line":35,"column":9}},"type":"if","locations":[{"start":{"line":32,"column":4},"end":{"line":35,"column":9}}]},"1":{"loc":{"start":{"line":37,"column":4},"end":{"line":37,"column":71}},"type":"if","locations":[{"start":{"line":37,"column":4},"end":{"line":37,"column":71}}]},"2":{"loc":{"start":{"line":41,"column":4},"end":{"line":48,"column":5}},"type":"if","locations":[{"start":{"line":41,"column":4},"end":{"line":48,"column":5}}]},"3":{"loc":{"start":{"line":66,"column":4},"end":{"line":77,"column":5}},"type":"if","locations":[{"start":{"line":66,"column":4},"end":{"line":77,"column":5}}]}},"s":{"0":0,"1":0,"2":0,"3":0,"4":0,"5":0,"6":0,"7":0,"8":0,"9":0,"10":0,"11":0,"12":0,"13":0,"14":0,"15":0,"16":0,"17":0,"18":0,"19":0,"20":0,"21":0,"22":0,"23":0,"24":0,"25":0,"26":0,"27":0,"28":0,"29":0,"30":0,"31":0,"32":0,"33":0,"34":0,"35":0,"36":0,"37":0,"38":0,"39":0,"40":0,"41":0,"42":0,"43":0,"44":0,"45":0},"f":{"0":0,"1":0,"2":0,"3":0,"4":0,"5":0,"6":0,"7":0,"8":0,"9":0,"10":0,"11":0},"b":{"0":[0],"1":[0],"2":[0],"3":[0]}}
,"/Users/martijnversteeg/Desktop/oom/microservices/Turk/project/fa-aws-step-functions/src/submit/index.ts": {"path":"/Users/martijnversteeg/Desktop/oom/microservices/Turk/project/fa-aws-step-functions/src/submit/index.ts","statementMap":{"0":{"start":{"line":13,"column":29},"end":{"line":29,"column":1}},"1":{"start":{"line":16,"column":59},"end":{"line":16,"column":64}},"2":{"start":{"line":18,"column":2},"end":{"line":28,"column":4}},"3":{"start":{"line":13,"column":13},"end":{"line":13,"column":29}}},"fnMap":{"0":{"name":"(anonymous_0)","decl":{"start":{"line":13,"column":29},"end":{"line":13,"column":30}},"loc":{"start":{"line":13,"column":53},"end":{"line":29,"column":1}}}},"branchMap":{},"s":{"0":0,"1":0,"2":0,"3":0},"f":{"0":0},"b":{}}
}
